<?xml version="1.0" encoding="UTF-8"?>
<!-- Generated by org.testng.reporters.JUnitReportReporter -->
<testsuite skipped="0" hostname="DESKTOP-RUOB4GM" name="gitTest.GitTest" tests="1" failures="0" timestamp="15 Feb 2018 04:20:56 GMT" time="14.659" errors="0">
  <testcase name="logintest" time="14.659" classname="gitTest.GitTest"/>
</testsuite> <!-- gitTest.GitTest -->
